<?xml version="1.0" encoding="UTF-8"?>
<testsuite xmlns:xsi="http://www.w3.org/2001/XMLSchema-instance" xsi:noNamespaceSchemaLocation="https://maven.apache.org/surefire/maven-surefire-plugin/xsd/surefire-test-report.xsd" version="3.0.1" name="com.sv.ParserTest" time="0.17" tests="8" errors="0" skipped="0" failures="0">
  <properties>
[...]
</properties>
  <testcase name="testVariableFloat" classname="com.sv.ParserTest" time="0.053">
    <system-out><![CDATA[[TEST 3] Entrada: flotante = 2.5
[TEST 3] Resultado: #0
]]></system-out>
  </testcase>
  <testcase name="testVariableWithUnderscore" classname="com.sv.ParserTest" time="0.007">
    <system-out><![CDATA[[TEST 6] Entrada: mi_variable_test = 42
[TEST 6] Resultado: #0
]]></system-out>
  </testcase>
  <testcase name="testVariableEmptyString" classname="com.sv.ParserTest" time="0.012">
    <system-out><![CDATA[[TEST 4] Entrada: random = ""
[TEST 4] Resultado: #0
]]></system-out>
  </testcase>
  <testcase name="testNegativeNumber" classname="com.sv.ParserTest" time="0.005">
    <system-out><![CDATA[[TEST 7] Entrada: negativo = -10
[TEST 7] Resultado: #0
]]></system-out>
  </testcase>
  <testcase name="testVariableString" classname="com.sv.ParserTest" time="0.004">
    <system-out><![CDATA[[TEST 1] Entrada: hola_mundo = "hola mundo"
[TEST 1] Resultado: #0
]]></system-out>
  </testcase>
  <testcase name="testNegativeFloat" classname="com.sv.ParserTest" time="0.006">
    <system-out><![CDATA[[TEST 8] Entrada: decimal_negativo = -3.14
[TEST 8] Resultado: #0
]]></system-out>
  </testcase>
  <testcase name="testMultipleAssignments" classname="com.sv.ParserTest" time="0.008">
    <system-out><![CDATA[[TEST 5] Entrada:
hola_mundo = "hola mundo"
numero1 = 5
flotante = 2.5
random = ""
[TEST 5] Resultado: #0
]]></system-out>
  </testcase>
  <testcase name="testVariableInt" classname="com.sv.ParserTest" time="0.007">
    <system-out><![CDATA[[TEST 2] Entrada: numero1 = 5
[TEST 2] Resultado: #0
]]></system-out>
  </testcase>
</testsuite>